[2025-05-07 09:47:59] CACHE MISS: PotionCo
[2025-05-07 09:47:59] CACHE INSERT: PotionCo
[2025-05-07 09:47:59] CACHE MISS: HelmetCo
[2025-05-07 09:47:59] CACHE INSERT: HelmetCo
[2025-05-07 09:47:59] CACHE MISS: RottenFishCo
[2025-05-07 09:47:59] CACHE MISS: ArrowCo
[2025-05-07 09:47:59] CACHE MISS: MenhirCo
[2025-05-07 09:47:59] CACHE INSERT: RottenFishCo
[2025-05-07 09:47:59] CACHE INSERT: ArrowCo
[2025-05-07 09:47:59] CACHE INSERT: MenhirCo
[2025-05-07 09:48:00] CACHE MISS: GameStart
[2025-05-07 09:48:00] CACHE INSERT: GameStart
[2025-05-07 09:48:00] CACHE HIT: RottenFishCo
[2025-05-07 09:48:00] CACHE HIT: RottenFishCo
[2025-05-07 09:48:00] CACHE HIT: HelmetCo
[2025-05-07 09:48:00] CACHE MISS: ShieldCo
[2025-05-07 09:48:00] CACHE INSERT: ShieldCo
[2025-05-07 09:48:01] CACHE HIT: ArrowCo
[2025-05-07 09:48:01] CACHE HIT: PotionCo
[2025-05-07 09:48:01] CACHE HIT: MenhirCo
[2025-05-07 09:48:01] CACHE HIT: ArrowCo
[2025-05-07 09:48:01] CACHE HIT: GameStart
[2025-05-07 09:48:02] CACHE HIT: MenhirCo
[2025-05-07 09:48:02] CACHE HIT: MenhirCo
[2025-05-07 09:48:02] CACHE HIT: ShieldCo
[2025-05-07 09:48:02] CACHE HIT: ArrowCo
[2025-05-07 09:48:02] CACHE HIT: ArrowCo
[2025-05-07 09:48:03] CACHE HIT: GameStart
[2025-05-07 09:48:03] CACHE HIT: ShieldCo
[2025-05-07 09:48:03] CACHE HIT: ShieldCo
[2025-05-07 09:48:03] CACHE HIT: ShieldCo
[2025-05-07 09:48:03] CACHE HIT: MenhirCo
[2025-05-07 09:48:04] CACHE HIT: RottenFishCo
[2025-05-07 09:48:04] CACHE HIT: PotionCo
[2025-05-07 09:48:04] CACHE HIT: HelmetCo
[2025-05-07 09:48:04] CACHE MISS: BoarCo
[2025-05-07 09:48:04] CACHE HIT: ArrowCo
[2025-05-07 09:48:04] CACHE INSERT: BoarCo
[2025-05-07 09:48:05] CACHE HIT: BoarCo
[2025-05-07 09:48:05] CACHE HIT: GameStart
[2025-05-07 09:48:05] CACHE HIT: MenhirCo
[2025-05-07 09:48:05] CACHE HIT: GameStart
[2025-05-07 09:48:05] CACHE HIT: HelmetCo
[2025-05-07 09:48:06] CACHE MISS: SwordCo
[2025-05-07 09:48:06] CACHE HIT: BoarCo
[2025-05-07 09:48:06] CACHE HIT: BoarCo
[2025-05-07 09:48:06] CACHE MISS: BowCo
[2025-05-07 09:48:06] CACHE HIT: BoarCo
[2025-05-07 09:48:06] CACHE INSERT: SwordCo
[2025-05-07 09:48:06] CACHE INSERT: BowCo
[2025-05-07 09:48:07] CACHE HIT: BowCo
[2025-05-07 09:48:07] CACHE HIT: BowCo
[2025-05-07 09:48:07] CACHE HIT: BoarCo
[2025-05-07 09:48:07] CACHE HIT: BowCo
[2025-05-07 09:48:07] CACHE HIT: GameStart
[2025-05-07 09:48:08] CACHE HIT: GameStart
[2025-05-07 09:48:08] CACHE HIT: ShieldCo
[2025-05-07 09:48:08] CACHE HIT: RottenFishCo
[2025-05-07 09:48:08] CACHE HIT: ArrowCo
[2025-05-07 09:48:08] CACHE HIT: BowCo
[2025-05-07 09:48:09] CACHE HIT: HelmetCo
[2025-05-07 09:48:09] CACHE HIT: HelmetCo
[2025-05-07 09:48:09] CACHE HIT: MenhirCo
[2025-05-07 09:48:09] CACHE HIT: MenhirCo
[2025-05-07 09:48:09] CACHE HIT: ArrowCo
[2025-05-07 09:48:10] CACHE HIT: RottenFishCo
[2025-05-07 09:48:10] CACHE HIT: SwordCo
[2025-05-07 09:48:10] CACHE HIT: BowCo
[2025-05-07 09:48:10] CACHE HIT: SwordCo
[2025-05-07 09:48:10] CACHE HIT: BowCo
[2025-05-07 09:48:11] CACHE HIT: ShieldCo
[2025-05-07 09:48:11] CACHE HIT: HelmetCo
[2025-05-07 09:48:11] CACHE HIT: GameStart
[2025-05-07 09:48:11] CACHE HIT: PotionCo
[2025-05-07 09:48:11] CACHE HIT: MenhirCo
[2025-05-07 09:48:12] CACHE HIT: MenhirCo
[2025-05-07 09:48:12] CACHE HIT: BowCo
[2025-05-07 09:48:12] CACHE HIT: HelmetCo
[2025-05-07 09:48:12] CACHE HIT: RottenFishCo
[2025-05-07 09:48:12] CACHE HIT: PotionCo
[2025-05-07 09:48:13] CACHE HIT: SwordCo
[2025-05-07 09:48:13] CACHE HIT: MenhirCo
[2025-05-07 09:48:13] CACHE HIT: SwordCo
[2025-05-07 09:48:13] CACHE HIT: BoarCo
[2025-05-07 09:48:13] CACHE HIT: BoarCo
[2025-05-07 09:48:14] CACHE HIT: RottenFishCo
[2025-05-07 09:48:14] CACHE HIT: MenhirCo
[2025-05-07 09:48:14] CACHE HIT: ArrowCo
[2025-05-07 09:48:14] CACHE HIT: BowCo
[2025-05-07 09:48:14] CACHE HIT: GameStart
[2025-05-07 09:48:14] CACHE EVICT: BowCo
[2025-05-07 09:48:14] CACHE EVICT: GameStart
[2025-05-07 09:48:14] CACHE EVICT: PotionCo
[2025-05-07 09:48:14] CACHE EVICT: RottenFishCo
[2025-05-07 09:48:14] CACHE EVICT: SwordCo
[2025-05-07 09:48:15] CACHE HIT: ArrowCo
[2025-05-07 09:48:15] CACHE MISS: GameStart
[2025-05-07 09:48:15] CACHE INSERT: GameStart
[2025-05-07 09:48:15] CACHE MISS: BowCo
[2025-05-07 09:48:15] CACHE INSERT: BowCo
[2025-05-07 09:48:15] CACHE HIT: BowCo
[2025-05-07 09:48:15] CACHE MISS: SwordCo
[2025-05-07 09:48:15] CACHE INSERT: SwordCo
[2025-05-07 09:48:16] CACHE HIT: HelmetCo
[2025-05-07 09:48:16] CACHE MISS: RottenFishCo
[2025-05-07 09:48:16] CACHE INSERT: RottenFishCo
[2025-05-07 09:48:16] CACHE HIT: ShieldCo
[2025-05-07 09:48:16] CACHE HIT: MenhirCo
[2025-05-07 09:48:16] CACHE HIT: GameStart
[2025-05-07 09:48:17] CACHE HIT: ShieldCo
[2025-05-07 09:48:17] CACHE HIT: BoarCo
[2025-05-07 09:48:17] CACHE HIT: BoarCo
[2025-05-07 09:48:17] CACHE HIT: BoarCo
[2025-05-07 09:48:17] CACHE HIT: GameStart
[2025-05-07 09:48:17] CACHE EVICT: GameStart
[2025-05-07 09:48:18] CACHE MISS: PotionCo
[2025-05-07 09:48:18] CACHE HIT: RottenFishCo
[2025-05-07 09:48:18] CACHE HIT: BoarCo
[2025-05-07 09:48:18] CACHE INSERT: PotionCo
[2025-05-07 09:48:18] CACHE HIT: RottenFishCo
[2025-05-07 09:48:18] CACHE HIT: SwordCo
[2025-05-07 09:48:19] CACHE HIT: MenhirCo
[2025-05-07 09:48:19] CACHE HIT: HelmetCo
[2025-05-07 09:48:19] CACHE HIT: BoarCo
[2025-05-07 09:48:19] CACHE HIT: SwordCo
[2025-05-07 09:48:19] CACHE HIT: HelmetCo
[2025-05-07 09:48:20] CACHE HIT: HelmetCo
[2025-05-07 09:48:20] CACHE HIT: BowCo
[2025-05-07 09:48:20] CACHE HIT: ArrowCo
[2025-05-07 09:48:20] CACHE HIT: PotionCo
[2025-05-07 09:48:20] CACHE HIT: ShieldCo
[2025-05-07 09:48:21] CACHE HIT: ShieldCo
[2025-05-07 09:48:21] CACHE HIT: ArrowCo
[2025-05-07 09:48:21] CACHE HIT: MenhirCo
[2025-05-07 09:48:21] CACHE EVICT: ArrowCo
[2025-05-07 09:48:21] CACHE HIT: RottenFishCo
[2025-05-07 09:48:21] CACHE HIT: ShieldCo
[2025-05-07 09:48:22] CACHE MISS: GameStart
[2025-05-07 09:48:22] CACHE HIT: ShieldCo
[2025-05-07 09:48:22] CACHE INSERT: GameStart
[2025-05-07 09:48:22] CACHE EVICT: GameStart
[2025-05-07 09:48:22] CACHE HIT: SwordCo
[2025-05-07 09:48:22] CACHE HIT: SwordCo
[2025-05-07 09:48:22] CACHE HIT: BowCo
[2025-05-07 09:48:23] CACHE HIT: PotionCo
[2025-05-07 09:48:23] CACHE HIT: BowCo
[2025-05-07 09:48:23] CACHE HIT: MenhirCo
[2025-05-07 09:48:23] CACHE HIT: SwordCo
[2025-05-07 09:48:23] CACHE EVICT: BowCo
[2025-05-07 09:48:23] CACHE HIT: ShieldCo
[2025-05-07 09:48:24] CACHE HIT: PotionCo
[2025-05-07 09:48:24] CACHE HIT: SwordCo
[2025-05-07 09:48:24] CACHE HIT: MenhirCo
[2025-05-07 09:48:24] CACHE HIT: SwordCo
[2025-05-07 09:48:24] CACHE HIT: RottenFishCo
[2025-05-07 09:48:24] CACHE EVICT: RottenFishCo
[2025-05-07 09:48:25] CACHE HIT: MenhirCo
[2025-05-07 09:48:25] CACHE MISS: ArrowCo
[2025-05-07 09:48:25] CACHE MISS: GameStart
[2025-05-07 09:48:25] CACHE HIT: SwordCo
[2025-05-07 09:48:25] CACHE INSERT: ArrowCo
[2025-05-07 09:48:25] CACHE INSERT: GameStart
[2025-05-07 09:48:25] CACHE HIT: MenhirCo
[2025-05-07 09:48:26] CACHE MISS: RottenFishCo
[2025-05-07 09:48:26] CACHE INSERT: RottenFishCo
[2025-05-07 09:48:26] CACHE HIT: GameStart
[2025-05-07 09:48:26] CACHE MISS: BowCo
[2025-05-07 09:48:26] CACHE MISS: BowCo
[2025-05-07 09:48:26] CACHE INSERT: BowCo
[2025-05-07 09:48:26] CACHE UPDATE: BowCo
[2025-05-07 09:48:26] CACHE HIT: SwordCo
[2025-05-07 09:48:26] CACHE EVICT: SwordCo
[2025-05-07 09:48:27] CACHE HIT: HelmetCo
[2025-05-07 09:48:27] CACHE HIT: PotionCo
[2025-05-07 09:48:27] CACHE HIT: BoarCo
[2025-05-07 09:48:27] CACHE MISS: SwordCo
[2025-05-07 09:48:27] CACHE INSERT: SwordCo
[2025-05-07 09:48:27] CACHE EVICT: SwordCo
[2025-05-07 09:48:27] CACHE HIT: HelmetCo
[2025-05-07 09:48:28] CACHE HIT: ShieldCo
[2025-05-07 09:48:28] CACHE HIT: GameStart
[2025-05-07 09:48:28] CACHE HIT: PotionCo
[2025-05-07 09:48:28] CACHE EVICT: PotionCo
[2025-05-07 09:48:28] CACHE MISS: SwordCo
[2025-05-07 09:48:28] CACHE HIT: ArrowCo
[2025-05-07 09:48:28] CACHE INSERT: SwordCo
[2025-05-07 09:48:29] CACHE HIT: SwordCo
[2025-05-07 09:48:29] CACHE HIT: BowCo
[2025-05-07 09:48:29] CACHE HIT: BoarCo
[2025-05-07 09:48:29] CACHE EVICT: SwordCo
[2025-05-07 09:48:29] CACHE HIT: BowCo
[2025-05-07 09:48:29] CACHE MISS: PotionCo
[2025-05-07 09:48:29] CACHE INSERT: PotionCo
[2025-05-07 09:48:29] CACHE EVICT: BowCo
[2025-05-07 09:48:29] CACHE EVICT: PotionCo
[2025-05-07 09:48:29] CACHE EVICT: ArrowCo
[2025-05-07 09:48:29] CACHE EVICT: RottenFishCo
[2025-05-07 09:48:29] CACHE EVICT: GameStart
[2025-05-07 09:48:30] CACHE HIT: HelmetCo
[2025-05-07 09:48:30] CACHE MISS: PotionCo
[2025-05-07 09:48:30] CACHE MISS: SwordCo
[2025-05-07 09:48:30] CACHE INSERT: PotionCo
[2025-05-07 09:48:30] CACHE INSERT: SwordCo
[2025-05-07 09:48:30] CACHE HIT: BoarCo
[2025-05-07 09:48:30] CACHE HIT: SwordCo
[2025-05-07 09:48:30] CACHE EVICT: SwordCo
[2025-05-07 09:48:31] CACHE MISS: ArrowCo
[2025-05-07 09:48:31] CACHE HIT: MenhirCo
[2025-05-07 09:48:31] CACHE HIT: HelmetCo
[2025-05-07 09:48:31] CACHE INSERT: ArrowCo
[2025-05-07 09:48:31] CACHE MISS: SwordCo
[2025-05-07 09:48:31] CACHE INSERT: SwordCo
[2025-05-07 09:48:31] CACHE EVICT: ArrowCo
[2025-05-07 09:48:31] CACHE MISS: RottenFishCo
[2025-05-07 09:48:31] CACHE INSERT: RottenFishCo
[2025-05-07 09:48:31] CACHE EVICT: RottenFishCo
[2025-05-07 09:48:32] CACHE HIT: HelmetCo
[2025-05-07 09:48:32] CACHE HIT: MenhirCo
[2025-05-07 09:48:32] CACHE MISS: ArrowCo
[2025-05-07 09:48:32] CACHE HIT: SwordCo
[2025-05-07 09:48:32] CACHE INSERT: ArrowCo
[2025-05-07 09:48:32] CACHE HIT: ArrowCo
[2025-05-07 09:48:32] CACHE EVICT: SwordCo
[2025-05-07 09:48:32] CACHE EVICT: ArrowCo
[2025-05-07 09:48:33] CACHE MISS: RottenFishCo
[2025-05-07 09:48:33] CACHE MISS: SwordCo
[2025-05-07 09:48:33] CACHE INSERT: RottenFishCo
[2025-05-07 09:48:33] CACHE INSERT: SwordCo
[2025-05-07 09:48:33] CACHE MISS: BowCo
[2025-05-07 09:48:33] CACHE MISS: ArrowCo
[2025-05-07 09:48:33] CACHE HIT: PotionCo
[2025-05-07 09:48:33] CACHE INSERT: BowCo
[2025-05-07 09:48:33] CACHE INSERT: ArrowCo
[2025-05-07 09:48:33] CACHE EVICT: ArrowCo
[2025-05-07 09:48:34] CACHE HIT: PotionCo
[2025-05-07 09:48:34] CACHE MISS: GameStart
[2025-05-07 09:48:34] CACHE INSERT: GameStart
[2025-05-07 09:48:34] CACHE EVICT: PotionCo
[2025-05-07 09:48:34] CACHE EVICT: GameStart
[2025-05-07 09:48:34] CACHE HIT: BowCo
[2025-05-07 09:48:34] CACHE HIT: BowCo
[2025-05-07 09:48:34] CACHE MISS: PotionCo
[2025-05-07 09:48:34] CACHE INSERT: PotionCo
[2025-05-07 09:48:34] CACHE EVICT: PotionCo
[2025-05-07 09:48:35] CACHE HIT: MenhirCo
[2025-05-07 09:48:35] CACHE MISS: GameStart
[2025-05-07 09:48:35] CACHE MISS: PotionCo
[2025-05-07 09:48:35] CACHE HIT: BoarCo
[2025-05-07 09:48:35] CACHE INSERT: GameStart
[2025-05-07 09:48:35] CACHE INSERT: PotionCo
[2025-05-07 09:48:35] CACHE MISS: ArrowCo
[2025-05-07 09:48:35] CACHE EVICT: PotionCo
[2025-05-07 09:48:35] CACHE INSERT: ArrowCo
[2025-05-07 09:48:35] CACHE EVICT: ArrowCo
[2025-05-07 09:48:36] CACHE HIT: BoarCo
[2025-05-07 09:48:36] CACHE MISS: PotionCo
[2025-05-07 09:48:36] CACHE MISS: ArrowCo
[2025-05-07 09:48:36] CACHE INSERT: PotionCo
[2025-05-07 09:48:36] CACHE INSERT: ArrowCo
[2025-05-07 09:48:36] CACHE HIT: MenhirCo
[2025-05-07 09:48:36] CACHE HIT: GameStart
[2025-05-07 09:48:36] CACHE EVICT: GameStart
[2025-05-07 09:48:37] CACHE HIT: MenhirCo
[2025-05-07 09:48:37] CACHE HIT: SwordCo
[2025-05-07 09:48:37] CACHE HIT: MenhirCo
[2025-05-07 09:48:37] CACHE HIT: ShieldCo
[2025-05-07 09:48:37] CACHE HIT: PotionCo
[2025-05-07 09:48:38] CACHE HIT: ArrowCo
[2025-05-07 09:48:38] CACHE HIT: HelmetCo
[2025-05-07 09:48:38] CACHE HIT: BoarCo
[2025-05-07 09:48:38] CACHE HIT: SwordCo
[2025-05-07 09:48:38] CACHE EVICT: ArrowCo
[2025-05-07 09:48:38] CACHE HIT: MenhirCo
[2025-05-07 09:48:38] CACHE EVICT: SwordCo
[2025-05-07 09:48:39] CACHE HIT: PotionCo
[2025-05-07 09:48:39] CACHE MISS: ArrowCo
[2025-05-07 09:48:40] CACHE HIT: ShieldCo
[2025-05-07 09:48:40] CACHE HIT: MenhirCo
[2025-05-07 09:48:40] CACHE HIT: HelmetCo
[2025-05-07 09:48:40] CACHE INSERT: ArrowCo
[2025-05-07 09:48:40] CACHE EVICT: PotionCo
[2025-05-07 09:48:41] CACHE HIT: ShieldCo
[2025-05-07 09:48:41] CACHE HIT: ShieldCo
[2025-05-07 09:48:41] CACHE HIT: MenhirCo
[2025-05-07 09:48:41] CACHE HIT: MenhirCo
[2025-05-07 09:48:41] CACHE MISS: GameStart
[2025-05-07 09:48:41] CACHE INSERT: GameStart
[2025-05-07 09:48:42] CACHE HIT: BowCo
[2025-05-07 09:48:42] CACHE HIT: HelmetCo
[2025-05-07 09:48:42] CACHE HIT: BoarCo
[2025-05-07 09:48:42] CACHE HIT: ArrowCo
[2025-05-07 09:48:42] CACHE HIT: HelmetCo
[2025-05-07 09:48:42] CACHE EVICT: BowCo
[2025-05-07 09:48:42] CACHE EVICT: ArrowCo
[2025-05-07 09:48:43] CACHE HIT: HelmetCo
[2025-05-07 09:48:43] CACHE HIT: GameStart
[2025-05-07 09:48:43] CACHE HIT: RottenFishCo
[2025-05-07 09:48:43] CACHE HIT: ShieldCo
[2025-05-07 09:48:43] CACHE MISS: ArrowCo
[2025-05-07 09:48:43] CACHE EVICT: GameStart
[2025-05-07 09:48:43] CACHE INSERT: ArrowCo
[2025-05-07 09:48:44] CACHE HIT: HelmetCo
[2025-05-07 09:48:44] CACHE MISS: SwordCo
[2025-05-07 09:48:44] CACHE HIT: HelmetCo
[2025-05-07 09:48:44] CACHE INSERT: SwordCo
[2025-05-07 09:48:44] CACHE MISS: GameStart
[2025-05-07 09:48:44] CACHE MISS: BowCo
[2025-05-07 09:48:44] CACHE INSERT: GameStart
[2025-05-07 09:48:44] CACHE INSERT: BowCo
[2025-05-07 09:48:45] CACHE HIT: GameStart
[2025-05-07 09:48:45] CACHE HIT: BoarCo
[2025-05-07 09:48:45] CACHE EVICT: GameStart
[2025-05-07 09:48:45] CACHE HIT: RottenFishCo
[2025-05-07 09:48:45] CACHE HIT: RottenFishCo
[2025-05-07 09:48:45] CACHE EVICT: BowCo
[2025-05-07 09:48:45] CACHE HIT: MenhirCo
[2025-05-07 09:48:45] CACHE EVICT: RottenFishCo
[2025-05-07 09:48:45] CACHE EVICT: SwordCo
[2025-05-07 09:48:45] CACHE EVICT: ArrowCo
[2025-05-07 09:48:46] CACHE MISS: GameStart
[2025-05-07 09:48:46] CACHE MISS: SwordCo
[2025-05-07 09:48:46] CACHE INSERT: GameStart
[2025-05-07 09:48:46] CACHE INSERT: SwordCo
[2025-05-07 09:48:46] CACHE MISS: RottenFishCo
[2025-05-07 09:48:46] CACHE MISS: ArrowCo
[2025-05-07 09:48:46] CACHE INSERT: RottenFishCo
[2025-05-07 09:48:46] CACHE HIT: MenhirCo
[2025-05-07 09:48:46] CACHE INSERT: ArrowCo
[2025-05-07 09:48:46] CACHE EVICT: RottenFishCo
[2025-05-07 09:48:46] CACHE EVICT: ArrowCo
[2025-05-07 09:48:47] CACHE HIT: MenhirCo
[2025-05-07 09:48:47] CACHE MISS: RottenFishCo
[2025-05-07 09:48:47] CACHE INSERT: RottenFishCo
[2025-05-07 09:48:47] CACHE HIT: SwordCo
[2025-05-07 09:48:47] CACHE HIT: MenhirCo
[2025-05-07 09:48:47] CACHE HIT: GameStart
[2025-05-07 09:48:48] CACHE HIT: SwordCo
[2025-05-07 09:48:48] CACHE MISS: BowCo
[2025-05-07 09:48:48] CACHE INSERT: BowCo
[2025-05-07 09:48:48] CACHE HIT: MenhirCo
[2025-05-07 09:48:48] CACHE MISS: ArrowCo
[2025-05-07 09:48:48] CACHE HIT: HelmetCo
[2025-05-07 09:48:48] CACHE INSERT: ArrowCo
[2025-05-07 09:48:49] CACHE HIT: BoarCo
[2025-05-07 09:48:49] CACHE HIT: HelmetCo
[2025-05-07 09:48:49] CACHE HIT: ArrowCo
[2025-05-07 09:48:49] CACHE HIT: ArrowCo
[2025-05-07 09:48:49] CACHE HIT: MenhirCo
[2025-05-07 09:48:50] CACHE HIT: HelmetCo
[2025-05-07 09:48:50] CACHE HIT: BoarCo
[2025-05-07 09:48:50] CACHE HIT: ArrowCo
[2025-05-07 09:48:50] CACHE EVICT: ArrowCo
[2025-05-07 09:48:50] CACHE HIT: SwordCo
[2025-05-07 09:48:50] CACHE HIT: ShieldCo
[2025-05-07 09:48:50] CACHE EVICT: SwordCo
[2025-05-07 09:48:51] CACHE MISS: PotionCo
[2025-05-07 09:48:51] CACHE HIT: ShieldCo
[2025-05-07 09:48:51] CACHE INSERT: PotionCo
[2025-05-07 09:48:51] CACHE EVICT: PotionCo
[2025-05-07 09:48:51] CACHE HIT: RottenFishCo
[2025-05-07 09:48:51] CACHE MISS: SwordCo
[2025-05-07 09:48:51] CACHE INSERT: SwordCo
[2025-05-07 09:48:51] CACHE EVICT: RottenFishCo
[2025-05-07 09:48:51] CACHE HIT: MenhirCo
[2025-05-07 09:48:52] CACHE MISS: PotionCo
[2025-05-07 09:48:52] CACHE INSERT: PotionCo
[2025-05-07 09:48:52] CACHE HIT: HelmetCo
[2025-05-07 09:48:52] CACHE HIT: GameStart
[2025-05-07 09:48:52] CACHE MISS: RottenFishCo
[2025-05-07 09:48:52] CACHE MISS: ArrowCo
[2025-05-07 09:48:52] CACHE INSERT: RottenFishCo
[2025-05-07 09:48:52] CACHE INSERT: ArrowCo
[2025-05-07 09:48:52] CACHE EVICT: GameStart
[2025-05-07 09:48:52] CACHE EVICT: RottenFishCo
[2025-05-07 09:48:52] CACHE EVICT: ArrowCo
[2025-05-07 09:48:53] CACHE HIT: BowCo
[2025-05-07 09:48:53] CACHE HIT: PotionCo
[2025-05-07 09:48:53] CACHE EVICT: BowCo
[2025-05-07 09:48:53] CACHE EVICT: PotionCo
[2025-05-07 09:48:53] CACHE MISS: GameStart
[2025-05-07 09:48:53] CACHE INSERT: GameStart
[2025-05-07 09:48:53] CACHE HIT: ShieldCo
[2025-05-07 09:48:53] CACHE MISS: ArrowCo
[2025-05-07 09:48:53] CACHE INSERT: ArrowCo
[2025-05-07 09:48:53] CACHE EVICT: GameStart
[2025-05-07 09:48:54] CACHE HIT: BoarCo
[2025-05-07 09:48:54] CACHE HIT: MenhirCo
[2025-05-07 09:48:54] CACHE HIT: MenhirCo
[2025-05-07 09:48:54] CACHE HIT: BoarCo
[2025-05-07 09:48:54] CACHE MISS: BowCo
[2025-05-07 09:48:54] CACHE INSERT: BowCo
[2025-05-07 09:48:54] CACHE EVICT: BowCo
[2025-05-07 09:48:55] CACHE MISS: GameStart
[2025-05-07 09:48:55] CACHE HIT: SwordCo
[2025-05-07 09:48:55] CACHE HIT: BoarCo
[2025-05-07 09:48:55] CACHE HIT: MenhirCo
[2025-05-07 09:48:55] CACHE INSERT: GameStart
[2025-05-07 09:48:55] CACHE HIT: BoarCo
[2025-05-07 09:48:56] CACHE HIT: HelmetCo
[2025-05-07 09:48:56] CACHE HIT: ShieldCo
[2025-05-07 09:48:56] CACHE HIT: BoarCo
[2025-05-07 09:48:56] CACHE HIT: GameStart
[2025-05-07 09:48:56] CACHE HIT: ShieldCo
[2025-05-07 09:48:56] CACHE EVICT: GameStart
[2025-05-07 09:48:57] CACHE HIT: MenhirCo
[2025-05-07 09:48:57] CACHE MISS: PotionCo
[2025-05-07 09:48:57] CACHE HIT: HelmetCo
[2025-05-07 09:48:57] CACHE INSERT: PotionCo
[2025-05-07 09:48:57] CACHE MISS: GameStart
[2025-05-07 09:48:57] CACHE MISS: GameStart
[2025-05-07 09:48:57] CACHE INSERT: GameStart
[2025-05-07 09:48:57] CACHE EVICT: PotionCo
[2025-05-07 09:48:57] CACHE UPDATE: GameStart
[2025-05-07 09:48:57] CACHE EVICT: GameStart
[2025-05-07 09:48:58] CACHE HIT: SwordCo
[2025-05-07 09:48:58] CACHE MISS: GameStart
[2025-05-07 09:48:58] CACHE INSERT: GameStart
[2025-05-07 09:48:58] CACHE HIT: SwordCo
[2025-05-07 09:48:58] CACHE EVICT: SwordCo
[2025-05-07 09:48:58] CACHE MISS: PotionCo
[2025-05-07 09:48:58] CACHE INSERT: PotionCo
[2025-05-07 09:48:58] CACHE MISS: SwordCo
[2025-05-07 09:48:58] CACHE INSERT: SwordCo
[2025-05-07 09:48:58] CACHE EVICT: PotionCo
[2025-05-07 09:48:58] CACHE EVICT: SwordCo
[2025-05-07 09:48:59] CACHE MISS: RottenFishCo
[2025-05-07 09:48:59] CACHE MISS: RottenFishCo
[2025-05-07 09:48:59] CACHE INSERT: RottenFishCo
[2025-05-07 09:48:59] CACHE UPDATE: RottenFishCo
[2025-05-07 09:48:59] CACHE HIT: ArrowCo
[2025-05-07 09:48:59] CACHE EVICT: RottenFishCo
[2025-05-07 09:48:59] CACHE HIT: HelmetCo
[2025-05-07 09:48:59] CACHE HIT: MenhirCo
[2025-05-07 09:49:00] CACHE HIT: ArrowCo
[2025-05-07 09:49:00] CACHE HIT: ShieldCo
[2025-05-07 09:49:00] CACHE EVICT: ArrowCo
[2025-05-07 09:49:00] CACHE HIT: MenhirCo
[2025-05-07 09:49:00] CACHE MISS: PotionCo
[2025-05-07 09:49:00] CACHE INSERT: PotionCo
[2025-05-07 09:49:00] CACHE MISS: SwordCo
[2025-05-07 09:49:00] CACHE EVICT: GameStart
[2025-05-07 09:49:00] CACHE INSERT: SwordCo
[2025-05-07 09:49:00] CACHE EVICT: SwordCo
[2025-05-07 09:49:00] CACHE EVICT: PotionCo
[2025-05-07 09:49:01] CACHE HIT: ShieldCo
[2025-05-07 09:49:01] CACHE HIT: MenhirCo
[2025-05-07 09:49:01] CACHE HIT: BoarCo
[2025-05-07 09:49:01] CACHE MISS: RottenFishCo
[2025-05-07 09:49:01] CACHE INSERT: RottenFishCo
[2025-05-07 09:49:01] CACHE EVICT: RottenFishCo
[2025-05-07 09:49:01] CACHE HIT: MenhirCo
[2025-05-07 09:49:02] CACHE HIT: MenhirCo
[2025-05-07 09:49:02] CACHE HIT: MenhirCo
[2025-05-07 09:49:02] CACHE MISS: PotionCo
[2025-05-07 09:49:02] CACHE INSERT: PotionCo
[2025-05-07 09:49:02] CACHE EVICT: PotionCo
[2025-05-07 09:49:02] CACHE MISS: SwordCo
[2025-05-07 09:49:02] CACHE INSERT: SwordCo
[2025-05-07 09:49:02] CACHE EVICT: SwordCo
[2025-05-07 09:49:02] CACHE HIT: ShieldCo
[2025-05-07 09:49:03] CACHE MISS: SwordCo
[2025-05-07 09:49:03] CACHE MISS: PotionCo
[2025-05-07 09:49:03] CACHE INSERT: SwordCo
[2025-05-07 09:49:03] CACHE INSERT: PotionCo
[2025-05-07 09:49:03] CACHE HIT: BoarCo
[2025-05-07 09:49:03] CACHE EVICT: SwordCo
[2025-05-07 09:49:03] CACHE EVICT: PotionCo
[2025-05-07 09:49:03] CACHE HIT: BoarCo
[2025-05-07 09:49:03] CACHE MISS: ArrowCo
[2025-05-07 09:49:03] CACHE INSERT: ArrowCo
[2025-05-07 09:49:03] CACHE EVICT: ArrowCo
[2025-05-07 09:49:04] CACHE MISS: RottenFishCo
[2025-05-07 09:49:04] CACHE HIT: BoarCo
[2025-05-07 09:49:04] CACHE HIT: ShieldCo
[2025-05-07 09:49:04] CACHE INSERT: RottenFishCo
[2025-05-07 09:49:04] CACHE MISS: SwordCo
[2025-05-07 09:49:04] CACHE INSERT: SwordCo
[2025-05-07 09:49:04] CACHE MISS: ArrowCo
[2025-05-07 09:49:04] CACHE EVICT: RottenFishCo
[2025-05-07 09:49:04] CACHE INSERT: ArrowCo
[2025-05-07 09:49:04] CACHE EVICT: SwordCo
[2025-05-07 09:49:05] CACHE HIT: ArrowCo
[2025-05-07 09:49:05] CACHE MISS: BowCo
[2025-05-07 09:49:05] CACHE INSERT: BowCo
[2025-05-07 09:49:05] CACHE HIT: HelmetCo
[2025-05-07 09:49:05] CACHE HIT: BoarCo
[2025-05-07 09:49:05] CACHE EVICT: ArrowCo
[2025-05-07 09:49:05] CACHE HIT: BowCo
[2025-05-07 09:49:05] CACHE EVICT: BowCo
[2025-05-07 09:49:06] CACHE HIT: MenhirCo
[2025-05-07 09:49:06] CACHE MISS: PotionCo
[2025-05-07 09:49:06] CACHE MISS: SwordCo
[2025-05-07 09:49:06] CACHE HIT: HelmetCo
[2025-05-07 09:49:06] CACHE INSERT: PotionCo
[2025-05-07 09:49:06] CACHE MISS: SwordCo
[2025-05-07 09:49:06] CACHE INSERT: SwordCo
[2025-05-07 09:49:06] CACHE UPDATE: SwordCo
[2025-05-07 09:49:06] CACHE EVICT: PotionCo
[2025-05-07 09:49:07] CACHE MISS: GameStart
[2025-05-07 09:49:07] CACHE INSERT: GameStart
[2025-05-07 09:49:07] CACHE HIT: GameStart
[2025-05-07 09:49:07] CACHE HIT: SwordCo
[2025-05-07 09:49:07] CACHE HIT: GameStart
[2025-05-07 09:49:07] CACHE EVICT: GameStart
[2025-05-07 09:49:07] CACHE MISS: GameStart
[2025-05-07 09:49:07] CACHE EVICT: SwordCo
[2025-05-07 09:49:07] CACHE INSERT: GameStart
[2025-05-07 09:49:07] CACHE EVICT: GameStart
[2025-05-07 09:49:08] CACHE HIT: HelmetCo
[2025-05-07 09:49:08] CACHE HIT: ShieldCo
[2025-05-07 09:49:08] CACHE MISS: PotionCo
[2025-05-07 09:49:08] CACHE HIT: HelmetCo
[2025-05-07 09:49:08] CACHE HIT: ShieldCo
[2025-05-07 09:49:08] CACHE INSERT: PotionCo
[2025-05-07 09:49:09] CACHE MISS: SwordCo
[2025-05-07 09:49:09] CACHE INSERT: SwordCo
[2025-05-07 09:49:09] CACHE HIT: MenhirCo
[2025-05-07 09:49:09] CACHE EVICT: SwordCo
[2025-05-07 09:49:09] CACHE HIT: ShieldCo
[2025-05-07 09:49:09] CACHE HIT: BoarCo
[2025-05-07 09:49:09] CACHE MISS: RottenFishCo
[2025-05-07 09:49:09] CACHE INSERT: RottenFishCo
[2025-05-07 09:49:09] CACHE EVICT: RottenFishCo
[2025-05-07 09:49:10] CACHE MISS: SwordCo
[2025-05-07 09:49:10] CACHE MISS: RottenFishCo
[2025-05-07 09:49:10] CACHE HIT: ShieldCo
[2025-05-07 09:49:10] CACHE HIT: BoarCo
[2025-05-07 09:49:10] CACHE INSERT: SwordCo
[2025-05-07 09:49:10] CACHE INSERT: RottenFishCo
[2025-05-07 09:49:10] CACHE HIT: PotionCo
[2025-05-07 09:49:10] CACHE EVICT: SwordCo
[2025-05-07 09:49:10] CACHE EVICT: PotionCo
[2025-05-07 09:49:11] CACHE HIT: ShieldCo
[2025-05-07 09:49:11] CACHE MISS: PotionCo
[2025-05-07 09:49:11] CACHE MISS: ArrowCo
[2025-05-07 09:49:11] CACHE INSERT: PotionCo
[2025-05-07 09:49:11] CACHE INSERT: ArrowCo
[2025-05-07 09:49:11] CACHE HIT: BoarCo
[2025-05-07 09:49:11] CACHE HIT: PotionCo
[2025-05-07 09:49:11] CACHE EVICT: PotionCo
[2025-05-07 09:49:11] CACHE EVICT: ArrowCo
[2025-05-07 09:49:12] CACHE MISS: SwordCo
[2025-05-07 09:49:12] CACHE INSERT: SwordCo
[2025-05-07 09:49:12] CACHE HIT: ShieldCo
[2025-05-07 09:49:12] CACHE EVICT: SwordCo
[2025-05-07 09:49:12] CACHE HIT: RottenFishCo
[2025-05-07 09:49:12] CACHE HIT: RottenFishCo
[2025-05-07 09:49:12] CACHE HIT: ShieldCo
[2025-05-07 09:49:13] CACHE HIT: BoarCo
[2025-05-07 09:49:13] CACHE MISS: GameStart
[2025-05-07 09:49:13] CACHE INSERT: GameStart
[2025-05-07 09:49:13] CACHE HIT: RottenFishCo
[2025-05-07 09:49:13] CACHE HIT: BoarCo
[2025-05-07 09:49:13] CACHE HIT: RottenFishCo
[2025-05-07 09:49:13] CACHE EVICT: RottenFishCo
[2025-05-07 09:49:14] CACHE HIT: BoarCo
[2025-05-07 09:49:14] CACHE HIT: HelmetCo
[2025-05-07 09:49:14] CACHE HIT: MenhirCo
[2025-05-07 09:49:14] CACHE MISS: PotionCo
[2025-05-07 09:49:14] CACHE INSERT: PotionCo
[2025-05-07 09:49:14] CACHE HIT: HelmetCo
[2025-05-07 09:49:14] CACHE EVICT: PotionCo
[2025-05-07 09:49:15] CACHE HIT: BoarCo
[2025-05-07 09:49:15] CACHE HIT: HelmetCo
[2025-05-07 09:49:15] CACHE HIT: GameStart
[2025-05-07 09:49:15] CACHE EVICT: GameStart
[2025-05-07 09:49:15] CACHE HIT: MenhirCo
[2025-05-07 09:49:15] CACHE MISS: RottenFishCo
[2025-05-07 09:49:15] CACHE INSERT: RottenFishCo
[2025-05-07 09:49:15] CACHE EVICT: RottenFishCo
[2025-05-07 09:49:16] CACHE MISS: SwordCo
[2025-05-07 09:49:16] CACHE MISS: PotionCo
[2025-05-07 09:49:16] CACHE INSERT: SwordCo
[2025-05-07 09:49:16] CACHE INSERT: PotionCo
[2025-05-07 09:49:16] CACHE EVICT: SwordCo
[2025-05-07 09:49:16] CACHE EVICT: PotionCo
[2025-05-07 09:49:16] CACHE MISS: BowCo
[2025-05-07 09:49:16] CACHE MISS: SwordCo
[2025-05-07 09:49:16] CACHE INSERT: BowCo
[2025-05-07 09:49:16] CACHE INSERT: SwordCo
[2025-05-07 09:49:16] CACHE EVICT: BowCo
[2025-05-07 09:49:16] CACHE EVICT: SwordCo
[2025-05-07 09:49:16] CACHE MISS: SwordCo
[2025-05-07 09:49:16] CACHE INSERT: SwordCo
[2025-05-07 09:49:16] CACHE EVICT: SwordCo
[2025-05-07 09:49:17] CACHE HIT: BoarCo
[2025-05-07 09:49:17] CACHE MISS: PotionCo
[2025-05-07 09:49:17] CACHE INSERT: PotionCo
[2025-05-07 09:49:17] CACHE HIT: ShieldCo
[2025-05-07 09:49:17] CACHE MISS: ArrowCo
[2025-05-07 09:49:17] CACHE INSERT: ArrowCo
[2025-05-07 09:49:17] CACHE EVICT: PotionCo
[2025-05-07 09:49:17] CACHE EVICT: ArrowCo
[2025-05-07 09:49:17] CACHE MISS: GameStart
[2025-05-07 09:49:17] CACHE INSERT: GameStart
[2025-05-07 09:49:17] CACHE EVICT: GameStart
[2025-05-07 09:49:18] CACHE HIT: BoarCo
[2025-05-07 09:49:18] CACHE HIT: HelmetCo
[2025-05-07 09:49:18] CACHE HIT: HelmetCo
[2025-05-07 09:49:18] CACHE MISS: ArrowCo
[2025-05-07 09:49:18] CACHE INSERT: ArrowCo
[2025-05-07 09:49:18] CACHE HIT: MenhirCo
[2025-05-07 09:49:18] CACHE EVICT: ArrowCo
[2025-05-07 09:49:19] CACHE MISS: BowCo
[2025-05-07 09:49:19] CACHE MISS: RottenFishCo
[2025-05-07 09:49:19] CACHE MISS: BowCo
[2025-05-07 09:49:19] CACHE HIT: ShieldCo
[2025-05-07 09:49:19] CACHE HIT: MenhirCo
[2025-05-07 09:49:19] CACHE INSERT: BowCo
[2025-05-07 09:49:19] CACHE INSERT: RottenFishCo
[2025-05-07 09:49:19] CACHE UPDATE: BowCo
[2025-05-07 09:49:19] CACHE EVICT: BowCo
[2025-05-07 09:49:19] CACHE EVICT: RottenFishCo
[2025-05-07 09:49:20] CACHE HIT: MenhirCo
[2025-05-07 09:49:20] CACHE HIT: HelmetCo
[2025-05-07 09:49:20] CACHE HIT: ShieldCo
[2025-05-07 09:49:20] CACHE MISS: BowCo
[2025-05-07 09:49:21] CACHE MISS: GameStart
[2025-05-07 09:49:21] CACHE INSERT: BowCo
[2025-05-07 09:49:21] CACHE INSERT: GameStart
[2025-05-07 09:49:21] CACHE EVICT: BowCo
[2025-05-07 09:49:21] CACHE EVICT: GameStart
[2025-05-07 09:49:21] CACHE MISS: PotionCo
[2025-05-07 09:49:21] CACHE HIT: BoarCo
[2025-05-07 09:49:22] CACHE INSERT: PotionCo
[2025-05-07 09:49:22] CACHE HIT: HelmetCo
[2025-05-07 09:49:22] CACHE EVICT: PotionCo
[2025-05-07 09:49:22] CACHE MISS: BowCo
[2025-05-07 09:49:22] CACHE HIT: ShieldCo
[2025-05-07 09:49:22] CACHE INSERT: BowCo
[2025-05-07 09:49:22] CACHE EVICT: BowCo
[2025-05-07 09:49:23] CACHE HIT: ShieldCo
[2025-05-07 09:49:23] CACHE HIT: HelmetCo
[2025-05-07 09:49:23] CACHE MISS: ArrowCo
[2025-05-07 09:49:23] CACHE MISS: PotionCo
[2025-05-07 09:49:23] CACHE INSERT: ArrowCo
[2025-05-07 09:49:23] CACHE INSERT: PotionCo
[2025-05-07 09:49:23] CACHE HIT: MenhirCo
[2025-05-07 09:49:23] CACHE EVICT: ArrowCo
[2025-05-07 09:49:23] CACHE EVICT: PotionCo
[2025-05-07 09:49:24] CACHE MISS: GameStart
[2025-05-07 09:49:24] CACHE MISS: BowCo
[2025-05-07 09:49:24] CACHE INSERT: GameStart
[2025-05-07 09:49:24] CACHE INSERT: BowCo
[2025-05-07 09:49:24] CACHE EVICT: GameStart
[2025-05-07 09:49:24] CACHE EVICT: BowCo
[2025-05-07 09:49:24] CACHE MISS: ArrowCo
[2025-05-07 09:49:24] CACHE INSERT: ArrowCo
[2025-05-07 09:49:24] CACHE HIT: ShieldCo
[2025-05-07 09:49:24] CACHE EVICT: ArrowCo
[2025-05-07 09:49:24] CACHE HIT: MenhirCo
[2025-05-07 09:49:25] CACHE HIT: MenhirCo
[2025-05-07 09:49:25] CACHE MISS: BowCo
[2025-05-07 09:49:25] CACHE MISS: GameStart
[2025-05-07 09:49:25] CACHE HIT: HelmetCo
[2025-05-07 09:49:25] CACHE MISS: ArrowCo
[2025-05-07 09:49:25] CACHE INSERT: BowCo
[2025-05-07 09:49:25] CACHE INSERT: GameStart
[2025-05-07 09:49:25] CACHE INSERT: ArrowCo
[2025-05-07 09:49:25] CACHE EVICT: GameStart
[2025-05-07 09:49:25] CACHE EVICT: BowCo
[2025-05-07 09:49:25] CACHE EVICT: ArrowCo
[2025-05-07 09:49:26] CACHE MISS: RottenFishCo
[2025-05-07 09:49:26] CACHE HIT: BoarCo
[2025-05-07 09:49:26] CACHE INSERT: RottenFishCo
[2025-05-07 09:49:26] CACHE EVICT: RottenFishCo
[2025-05-07 09:49:26] CACHE MISS: GameStart
[2025-05-07 09:49:26] CACHE INSERT: GameStart
[2025-05-07 09:49:26] CACHE HIT: ShieldCo
[2025-05-07 09:49:26] CACHE HIT: ShieldCo
[2025-05-07 09:49:26] CACHE EVICT: GameStart
[2025-05-07 09:49:27] CACHE MISS: PotionCo
[2025-05-07 09:49:27] CACHE INSERT: PotionCo
[2025-05-07 09:49:27] CACHE HIT: HelmetCo
[2025-05-07 09:49:27] CACHE MISS: RottenFishCo
[2025-05-07 09:49:27] CACHE HIT: MenhirCo
[2025-05-07 09:49:27] CACHE HIT: MenhirCo
[2025-05-07 09:49:27] CACHE EVICT: PotionCo
[2025-05-07 09:49:27] CACHE INSERT: RottenFishCo
[2025-05-07 09:49:27] CACHE EVICT: RottenFishCo
[2025-05-07 09:49:28] CACHE HIT: MenhirCo
[2025-05-07 09:49:28] CACHE MISS: BowCo
[2025-05-07 09:49:28] CACHE MISS: PotionCo
[2025-05-07 09:49:28] CACHE MISS: ArrowCo
[2025-05-07 09:49:28] CACHE INSERT: BowCo
[2025-05-07 09:49:28] CACHE HIT: HelmetCo
[2025-05-07 09:49:28] CACHE INSERT: PotionCo
[2025-05-07 09:49:28] CACHE INSERT: ArrowCo
[2025-05-07 09:49:28] CACHE EVICT: BowCo
[2025-05-07 09:49:28] CACHE EVICT: PotionCo
[2025-05-07 09:49:28] CACHE EVICT: ArrowCo
[2025-05-07 09:49:29] CACHE MISS: GameStart
[2025-05-07 09:49:29] CACHE HIT: BoarCo
[2025-05-07 09:49:29] CACHE INSERT: GameStart
[2025-05-07 09:49:29] CACHE MISS: ArrowCo
[2025-05-07 09:49:29] CACHE MISS: PotionCo
[2025-05-07 09:49:29] CACHE HIT: HelmetCo
[2025-05-07 09:49:29] CACHE INSERT: ArrowCo
[2025-05-07 09:49:29] CACHE EVICT: GameStart
[2025-05-07 09:49:29] CACHE INSERT: PotionCo
[2025-05-07 09:49:29] CACHE EVICT: ArrowCo
[2025-05-07 09:49:29] CACHE EVICT: PotionCo
[2025-05-07 09:49:30] CACHE HIT: MenhirCo
[2025-05-07 09:49:30] CACHE HIT: MenhirCo
[2025-05-07 09:49:30] CACHE MISS: PotionCo
[2025-05-07 09:49:30] CACHE MISS: PotionCo
[2025-05-07 09:49:30] CACHE HIT: MenhirCo
[2025-05-07 09:49:30] CACHE INSERT: PotionCo
[2025-05-07 09:49:30] CACHE UPDATE: PotionCo
[2025-05-07 09:49:30] CACHE EVICT: PotionCo
[2025-05-07 21:08:17] CACHE MISS: MenhirCo
[2025-05-07 21:08:17] CACHE MISS: ArrowCo
[2025-05-07 21:08:17] CACHE MISS: BowCo
[2025-05-07 21:08:17] CACHE INSERT: MenhirCo
[2025-05-07 21:08:17] CACHE INSERT: ArrowCo
[2025-05-07 21:08:17] CACHE INSERT: BowCo
[2025-05-07 21:08:18] CACHE MISS: HelmetCo
[2025-05-07 21:08:18] CACHE HIT: MenhirCo
[2025-05-07 21:08:18] CACHE MISS: ShieldCo
[2025-05-07 21:08:18] CACHE INSERT: HelmetCo
[2025-05-07 21:08:18] CACHE INSERT: ShieldCo
[2025-05-07 21:08:19] CACHE HIT: ArrowCo
[2025-05-07 21:08:19] CACHE MISS: SwordCo
[2025-05-07 21:08:19] CACHE HIT: BowCo
[2025-05-07 21:08:19] CACHE INSERT: SwordCo
[2025-05-07 21:08:20] CACHE MISS: RottenFishCo
[2025-05-07 21:08:20] CACHE INSERT: RottenFishCo
[2025-05-07 21:08:20] CACHE MISS: PotionCo
[2025-05-07 21:08:21] CACHE HIT: ArrowCo
[2025-05-07 21:08:21] CACHE INSERT: PotionCo
[2025-05-07 21:08:22] CACHE HIT: ShieldCo
[2025-05-07 21:08:22] CACHE HIT: MenhirCo
[2025-05-07 21:08:22] CACHE HIT: RottenFishCo
[2025-05-07 21:08:23] CACHE MISS: BoarCo
[2025-05-07 21:08:23] CACHE MISS: GameStart
[2025-05-07 21:08:23] CACHE HIT: ArrowCo
[2025-05-07 21:08:23] CACHE INSERT: BoarCo
[2025-05-07 21:08:23] CACHE INSERT: GameStart
[2025-05-07 21:08:24] CACHE HIT: RottenFishCo
[2025-05-07 21:08:24] CACHE HIT: RottenFishCo
[2025-05-07 21:08:24] CACHE HIT: RottenFishCo
[2025-05-07 21:08:25] CACHE HIT: BoarCo
[2025-05-07 21:08:25] CACHE HIT: ShieldCo
[2025-05-07 21:08:25] CACHE HIT: BowCo
[2025-05-07 21:08:26] CACHE HIT: GameStart
[2025-05-07 21:08:26] CACHE HIT: MenhirCo
[2025-05-07 21:08:26] CACHE HIT: GameStart
[2025-05-07 21:08:27] CACHE HIT: ArrowCo
[2025-05-07 21:08:27] CACHE HIT: MenhirCo
[2025-05-07 21:08:27] CACHE HIT: ShieldCo
[2025-05-07 21:08:28] CACHE HIT: SwordCo
[2025-05-07 21:08:28] CACHE HIT: MenhirCo
[2025-05-07 21:08:28] CACHE HIT: RottenFishCo
[2025-05-07 21:08:29] CACHE HIT: PotionCo
[2025-05-07 21:08:29] CACHE HIT: BowCo
[2025-05-07 21:08:29] CACHE HIT: SwordCo
[2025-05-07 21:08:30] CACHE HIT: SwordCo
[2025-05-07 21:08:30] CACHE HIT: RottenFishCo
[2025-05-07 21:08:30] CACHE HIT: GameStart
[2025-05-07 21:08:31] CACHE HIT: RottenFishCo
[2025-05-07 21:08:31] CACHE HIT: GameStart
[2025-05-07 21:08:31] CACHE HIT: RottenFishCo
[2025-05-07 21:08:32] CACHE HIT: ShieldCo
[2025-05-07 21:08:32] CACHE HIT: HelmetCo
[2025-05-07 21:08:32] CACHE HIT: RottenFishCo
[2025-05-07 21:08:33] CACHE HIT: BoarCo
[2025-05-07 21:08:33] CACHE HIT: BoarCo
[2025-05-07 21:08:33] CACHE HIT: MenhirCo
[2025-05-07 21:08:33] CACHE HIT: PotionCo
[2025-05-07 21:08:33] CACHE HIT: SwordCo
[2025-05-07 21:08:33] CACHE EVICT: SwordCo
[2025-05-07 21:08:33] CACHE EVICT: PotionCo
[2025-05-07 21:08:33] CACHE EVICT: BowCo
[2025-05-07 21:08:33] CACHE EVICT: RottenFishCo
[2025-05-07 21:08:34] CACHE HIT: ShieldCo
[2025-05-07 21:08:34] CACHE MISS: BowCo
[2025-05-07 21:08:34] CACHE INSERT: BowCo
[2025-05-07 21:08:34] CACHE MISS: SwordCo
[2025-05-07 21:08:34] CACHE INSERT: SwordCo
[2025-05-07 21:08:34] CACHE HIT: BoarCo
[2025-05-07 21:08:34] CACHE HIT: GameStart
[2025-05-07 21:08:35] CACHE HIT: BowCo
[2025-05-07 21:08:35] CACHE HIT: BoarCo
[2025-05-07 21:08:35] CACHE HIT: HelmetCo
[2025-05-07 21:08:35] CACHE HIT: ShieldCo
[2025-05-07 21:08:35] CACHE HIT: ArrowCo
[2025-05-07 21:08:36] CACHE MISS: PotionCo
[2025-05-07 21:08:36] CACHE INSERT: PotionCo
[2025-05-07 21:08:36] CACHE EVICT: PotionCo
[2025-05-07 21:08:36] CACHE HIT: BoarCo
[2025-05-07 21:08:36] CACHE HIT: MenhirCo
[2025-05-07 21:08:36] CACHE HIT: GameStart
[2025-05-07 21:08:36] CACHE HIT: MenhirCo
[2025-05-07 21:08:37] CACHE HIT: ShieldCo
[2025-05-07 21:08:37] CACHE HIT: ShieldCo
[2025-05-07 21:08:37] CACHE HIT: GameStart
[2025-05-07 21:08:37] CACHE HIT: BoarCo
[2025-05-07 21:08:37] CACHE MISS: RottenFishCo
[2025-05-07 21:08:37] CACHE INSERT: RottenFishCo
[2025-05-07 21:08:38] CACHE MISS: PotionCo
[2025-05-07 21:08:38] CACHE INSERT: PotionCo
[2025-05-07 21:08:38] CACHE HIT: ArrowCo
[2025-05-07 21:08:38] CACHE HIT: PotionCo
[2025-05-07 21:08:38] CACHE HIT: ShieldCo
[2025-05-07 21:08:38] CACHE HIT: SwordCo
[2025-05-07 21:08:38] CACHE EVICT: SwordCo
[2025-05-07 21:08:39] CACHE HIT: ShieldCo
[2025-05-07 21:08:39] CACHE HIT: ShieldCo
[2025-05-07 21:08:39] CACHE HIT: ArrowCo
[2025-05-07 21:08:39] CACHE HIT: ArrowCo
[2025-05-07 21:08:39] CACHE HIT: RottenFishCo
[2025-05-07 21:08:40] CACHE HIT: BoarCo
[2025-05-07 21:08:40] CACHE HIT: MenhirCo
[2025-05-07 21:08:40] CACHE HIT: PotionCo
[2025-05-07 21:08:40] CACHE HIT: BowCo
[2025-05-07 21:08:40] CACHE EVICT: BowCo
[2025-05-07 21:08:40] CACHE HIT: RottenFishCo
[2025-05-07 21:08:41] CACHE HIT: BoarCo
[2025-05-07 21:08:41] CACHE HIT: BoarCo
[2025-05-07 21:45:48] CACHE MISS: ArrowCo
[2025-05-07 21:45:48] CACHE INSERT: ArrowCo
[2025-05-07 21:45:48] CACHE EVICT: ArrowCo
[2025-05-07 21:45:49] CACHE MISS: PotionCo
[2025-05-07 21:45:49] CACHE INSERT: PotionCo
[2025-05-07 21:45:49] CACHE EVICT: PotionCo
[2025-05-07 21:45:50] CACHE MISS: MenhirCo
[2025-05-07 21:45:50] CACHE INSERT: MenhirCo
[2025-05-07 21:45:51] CACHE MISS: ShieldCo
[2025-05-07 21:45:51] CACHE INSERT: ShieldCo
[2025-05-07 21:45:52] CACHE MISS: GameStart
[2025-05-07 21:45:52] CACHE INSERT: GameStart
[2025-05-07 21:45:52] CACHE EVICT: GameStart
[2025-05-07 21:45:53] CACHE MISS: PotionCo
[2025-05-07 21:45:53] CACHE INSERT: PotionCo
[2025-05-07 21:45:53] CACHE EVICT: PotionCo
[2025-05-07 21:45:54] CACHE MISS: BoarCo
[2025-05-07 21:45:54] CACHE INSERT: BoarCo
[2025-05-07 21:45:55] CACHE HIT: ShieldCo
[2025-05-07 21:45:56] CACHE MISS: GameStart
[2025-05-07 21:45:56] CACHE INSERT: GameStart
[2025-05-07 21:45:57] CACHE MISS: BowCo
[2025-05-07 21:45:57] CACHE INSERT: BowCo
[2025-05-07 21:45:58] CACHE MISS: RottenFishCo
[2025-05-07 21:45:58] CACHE INSERT: RottenFishCo
[2025-05-07 21:45:59] CACHE MISS: SwordCo
[2025-05-07 21:45:59] CACHE INSERT: SwordCo
[2025-05-07 21:45:59] CACHE EVICT: SwordCo
[2025-05-07 21:46:00] CACHE MISS: ArrowCo
[2025-05-07 21:46:00] CACHE INSERT: ArrowCo
[2025-05-07 21:46:00] CACHE EVICT: ArrowCo
[2025-05-07 21:46:01] CACHE HIT: BowCo
[2025-05-07 21:46:02] CACHE HIT: ShieldCo
[2025-05-07 21:51:27] CACHE HIT: BoarCo
[2025-05-07 21:51:28] CACHE HIT: BoarCo
[2025-05-07 21:51:29] CACHE MISS: SwordCo
[2025-05-07 21:51:29] CACHE INSERT: SwordCo
[2025-05-07 21:51:30] CACHE HIT: MenhirCo
[2025-05-07 21:51:31] CACHE MISS: ArrowCo
[2025-05-07 21:51:31] CACHE INSERT: ArrowCo
[2025-05-07 21:51:32] CACHE HIT: ArrowCo
[2025-05-07 21:51:32] CACHE EVICT: ArrowCo
[2025-05-07 21:51:33] CACHE HIT: RottenFishCo
[2025-05-07 21:51:33] CACHE EVICT: RottenFishCo
[2025-05-07 21:51:34] CACHE MISS: RottenFishCo
[2025-05-07 21:51:34] CACHE INSERT: RottenFishCo
[2025-05-07 21:51:34] CACHE EVICT: RottenFishCo
[2025-05-07 21:51:35] CACHE HIT: BowCo
[2025-05-07 21:51:36] CACHE HIT: BoarCo
[2025-05-07 21:51:37] CACHE HIT: GameStart
[2025-05-07 21:51:38] CACHE HIT: MenhirCo
[2025-05-07 21:51:39] CACHE HIT: ShieldCo
[2025-05-07 21:51:40] CACHE MISS: ArrowCo
[2025-05-07 21:51:40] CACHE INSERT: ArrowCo
[2025-05-07 21:51:41] CACHE MISS: HelmetCo
[2025-05-07 21:51:41] CACHE INSERT: HelmetCo
[2025-05-07 21:57:50] CACHE MISS: RottenFishCo
[2025-05-07 21:57:50] CACHE INSERT: RottenFishCo
[2025-05-07 21:57:50] CACHE EVICT: RottenFishCo
[2025-05-07 21:57:51] CACHE HIT: GameStart
[2025-05-07 21:57:52] CACHE HIT: MenhirCo
[2025-05-07 21:57:53] CACHE MISS: RottenFishCo
[2025-05-07 21:57:53] CACHE INSERT: RottenFishCo
[2025-05-07 21:57:54] CACHE HIT: ArrowCo
[2025-05-07 21:57:55] CACHE HIT: BowCo
[2025-05-07 21:57:56] CACHE MISS: PotionCo
[2025-05-07 21:57:56] CACHE INSERT: PotionCo
[2025-05-07 21:57:57] CACHE HIT: PotionCo
[2025-05-07 21:57:58] CACHE HIT: PotionCo
[2025-05-07 21:57:59] CACHE HIT: BoarCo
[2025-05-07 21:58:00] CACHE HIT: MenhirCo
[2025-05-07 21:58:00] CACHE EVICT: MenhirCo
[2025-05-07 21:58:01] CACHE HIT: HelmetCo
[2025-05-07 21:58:02] CACHE MISS: MenhirCo
[2025-05-07 21:58:02] CACHE INSERT: MenhirCo
[2025-05-07 21:58:03] CACHE HIT: PotionCo
[2025-05-07 21:58:03] CACHE EVICT: PotionCo
[2025-05-07 21:58:04] CACHE HIT: BowCo
[2025-05-07 22:08:29] CACHE HIT: MenhirCo
[2025-05-07 22:08:30] CACHE HIT: SwordCo
[2025-05-07 22:08:30] CACHE EVICT: SwordCo
[2025-05-07 22:08:31] CACHE HIT: BowCo
[2025-05-07 22:08:31] CACHE EVICT: BowCo
[2025-05-07 22:08:32] CACHE HIT: ShieldCo
[2025-05-07 22:08:33] CACHE HIT: BoarCo
[2025-05-07 22:08:34] CACHE HIT: HelmetCo
[2025-05-07 22:08:35] CACHE MISS: PotionCo
[2025-05-07 22:08:35] CACHE INSERT: PotionCo
[2025-05-07 22:08:35] CACHE EVICT: PotionCo
[2025-05-07 22:08:36] CACHE HIT: MenhirCo
[2025-05-07 22:08:37] CACHE HIT: BoarCo
[2025-05-07 22:08:38] CACHE HIT: ShieldCo
[2025-05-07 22:08:39] CACHE MISS: BowCo
[2025-05-07 22:08:39] CACHE INSERT: BowCo
[2025-05-07 22:08:40] CACHE HIT: BoarCo
[2025-05-07 22:08:41] CACHE HIT: BoarCo
[2025-05-07 22:08:42] CACHE HIT: ShieldCo
[2025-05-07 22:08:43] CACHE HIT: ShieldCo
[2025-05-07 22:10:40] CACHE EVICT: RottenFishCo
